09:20:34  INFO  application.ApplicationManager - Start browser CHROME
09:20:42  INFO  application.ApplicationManager - Navigate to -->https://ilcarro.xyz/search
09:20:42  INFO  TestBase - Start method -->createNewCar
09:21:05  INFO  TestBase - End of method -->createNewCar
09:21:06  INFO  TestBase - Start method -->loginTestPositive
09:21:22  INFO  TestBase - End of method -->loginTestPositive
09:21:22  INFO  TestBase - Start method -->loginTestPositiveDto
09:21:35  INFO  TestBase - End of method -->loginTestPositiveDto
09:21:35  INFO  TestBase - Start method -->registrationTest
09:21:46  INFO  TestBase - Registration with --> Name: Mona-->LastName: Dow --> Email:mona1306@gmail.com-->Password -->Mm1231306$
09:21:54  INFO  TestBase - Test passed
09:21:54  INFO  TestBase - End of method -->registrationTest
09:21:54  INFO  TestBase - Start method -->registrationTestCSV
09:22:12  INFO  TestBase - Test passed
09:22:12  INFO  TestBase - End of method -->registrationTestCSV
09:22:12  INFO  TestBase - Start method -->registrationTestCSV
09:22:30  INFO  TestBase - Test passed
09:22:30  INFO  TestBase - End of method -->registrationTestCSV
09:22:30  INFO  TestBase - Start method -->registrationTestCSV
09:22:48  INFO  TestBase - Test passed
09:22:48  INFO  TestBase - End of method -->registrationTestCSV
09:22:48  INFO  TestBase - Start method -->registrationTestFrmDPClass
09:22:58  INFO  TestBase - Registration with --> Name: Sony-->LastName: Low --> Email:john4@gmail.com-->Password -->Nnoa12345$
09:23:06  INFO  TestBase - Test passed
09:23:06  INFO  TestBase - End of method -->registrationTestFrmDPClass
09:23:06  INFO  TestBase - Start method -->registrationTestFrmDPClass
09:23:16  INFO  TestBase - Registration with --> Name: Sony-->LastName: Low --> Email:mike4@gmail.com-->Password -->Ss12345$
09:23:24  INFO  TestBase - Test passed
09:23:24  INFO  TestBase - End of method -->registrationTestFrmDPClass
09:23:24  INFO  TestBase - Start method -->registrationTestFrmDPClass
09:23:34  INFO  TestBase - Registration with --> Name: Sony-->LastName: Low --> Email:dow4@gmail.com-->Password -->Nnoa12345$
09:23:42  INFO  TestBase - Test passed
09:23:42  INFO  TestBase - End of method -->registrationTestFrmDPClass
09:23:42  INFO  TestBase - Start method -->negativeTestSendKey
09:23:47  INFO  TestBase - End of method -->negativeTestSendKey
09:23:47  INFO  TestBase - Start method -->positiveTestSendKey
09:23:47  INFO  TestBase - Haifa","08/25/2021","08/30/2021"
09:23:52  INFO  TestBase - message
09:23:54  INFO  TestBase - End of method -->positiveTestSendKey
09:23:54  INFO  TestBase - Start method -->selectPeriodCurrentMouth
09:23:58  INFO  TestBase - End of method -->selectPeriodCurrentMouth
09:23:58  INFO  TestBase - Start method -->selectPeriodInFuture
09:24:02  INFO  TestBase - End of method -->selectPeriodInFuture
